[INFO ] 2022-07-29 23:58:33.796 [main] Logging - Closing popup
[INFO ] 2022-07-29 23:58:33.801 [main] Logging - Clicking on the sticker banner for saving calcualtor page
[INFO ] 2022-07-29 23:58:34.289 [main] Logging - Entered 10 in the number of washes
[TRACE] 2022-07-29 23:58:35.264 [main] Logging - Accurate cost calculation
[INFO ] 2022-07-29 23:58:47.491 [main] Logging - Closing popup
[INFO ] 2022-07-29 23:58:47.492 [main] Logging - Clicking on Can't find the right stain
[INFO ] 2022-07-29 23:58:50.449 [main] Logging - Entering Grease in the stain search box
[INFO ] 2022-07-29 23:58:50.761 [main] Logging - Clicking on the article from the stain search results
[TRACE] 2022-07-29 23:58:52.013 [main] Logging - Content related to Grease stain found in the article page
[INFO ] 2022-07-29 23:59:02.224 [main] Logging - Closing popup
[INFO ] 2022-07-29 23:59:02.225 [main] Logging - Scrolling down to browse by need section
[INFO ] 2022-07-29 23:59:03.049 [main] Logging - Clicked on browse by need section
[INFO ] 2022-07-29 23:59:05.347 [main] Logging - Clicked on Freshness/Scent
[TRACE] 2022-07-29 23:59:05.815 [main] Logging - Febreze 4in1 is present in the results
[INFO ] 2022-07-29 23:59:15.759 [main] Logging - Closing popup
[INFO ] 2022-07-29 23:59:15.759 [main] Logging - Clicking on US-English on homepage to change language
[INFO ] 2022-07-29 23:59:15.844 [main] Logging - Clicking on Canada french from the available langs in the popup
[TRACE] 2022-07-29 23:59:19.855 [main] Logging - Success in changing to Canada French language
[INFO ] 2022-07-29 23:59:29.672 [main] Logging - Closing popup
[INFO ] 2022-07-29 23:59:29.673 [main] Logging - Clicking on ContactUs link on top of the page
[TRACE] 2022-07-29 23:59:33.268 [main] Logging - Contact Optons iframe window is present
[INFO ] 2022-07-29 23:59:44.819 [main] Logging - Closing popup
[INFO ] 2022-07-29 23:59:44.821 [main] Logging - Opening all the part company websites using control+click
[INFO ] 2022-07-29 23:59:51.490 [main] Logging - P&GGoodEveryday | Earn Rewards & Gift Cards - Printable Coupons - Do Good with Loyalty Programpage VERIFIED NOW CLOSING IT
[INFO ] 2022-07-29 23:59:58.397 [main] Logging - Dryer Sheets and Wrinkle Release Spraypage VERIFIED NOW CLOSING IT
[INFO ] 2022-07-30 00:00:05.149 [main] Logging - Fabric Softeners, Dryer Sheets, Scent Beads & Laundry Tips | Downypage VERIFIED NOW CLOSING IT
[INFO ] 2022-07-30 00:00:05.662 [main] Logging - Procter & Gamblepage VERIFIED NOW CLOSING IT
[INFO ] 2022-07-30 00:00:17.622 [main] Logging - Closing popup
[INFO ] 2022-07-30 00:00:17.623 [main] Logging - Clicking on Register Link on homepage
[INFO ] 2022-07-30 00:00:19.167 [main] Logging - Clicking on Signup on Registration Page
[INFO ] 2022-07-30 00:00:29.436 [main] Logging - Entered all the credentials from the excel file
[INFO ] 2022-07-30 00:00:29.437 [main] Logging - Clicked on Login button
[WARN ] 2022-07-30 00:00:32.929 [main] Logging - System marked us as spam probably
[INFO ] 2022-07-30 00:00:44.534 [main] Logging - Closing popup
[INFO ] 2022-07-30 00:00:44.535 [main] Logging - Clicking on Register Link on homepage
[INFO ] 2022-07-30 00:00:45.414 [main] Logging - Clicking on Signup on Registration Page
[INFO ] 2022-07-30 00:00:55.435 [main] Logging - Entered all the credentials from the excel file
[INFO ] 2022-07-30 00:00:55.925 [main] Logging - Clicked on created account
[FATAL] 2022-07-30 00:01:15.410 [main] Logging - Could not verify signup
[INFO ] 2022-07-30 00:01:24.281 [main] Logging - Closing popup
[INFO ] 2022-07-30 00:01:24.282 [main] Logging - Entering text on the search box
[INFO ] 2022-07-30 00:01:24.506 [main] Logging - Clicking on the search icon
[TRACE] 2022-07-30 00:01:26.841 [main] Logging - pods contained in search results
[INFO ] 2022-07-30 00:01:39.992 [main] Logging - Closing popup
[INFO ] 2022-07-30 00:01:42.999 [main] Logging - Clicking on Live chat option on top of homepage
[INFO ] 2022-07-30 00:01:46.066 [main] Logging - Successfully clicked on Start Chat
[INFO ] 2022-07-30 00:01:46.103 [main] Logging - Clicking on agreeing and continue
[INFO ] 2022-07-30 00:01:54.699 [main] Logging - Entering first name
[INFO ] 2022-07-30 00:01:54.763 [main] Logging - Entering last name
[INFO ] 2022-07-30 00:01:54.820 [main] Logging - Entering email address
[INFO ] 2022-07-30 00:01:54.886 [main] Logging - Clicking on Chat Button
[INFO ] 2022-07-30 00:02:31.925 [main] Logging - Entering initial chat message
[INFO ] 2022-07-30 00:02:32.934 [main] Logging - Sending the message typed in the chat box
