[INFO ] 2022-07-30 00:19:35.711 [main] Logging - Closing popup
[INFO ] 2022-07-30 00:19:35.713 [main] Logging - Clicking on the sticker banner for saving calcualtor page
[INFO ] 2022-07-30 00:19:36.190 [main] Logging - Entered 10 in the number of washes
[TRACE] 2022-07-30 00:19:37.103 [main] Logging - Accurate cost calculation
[INFO ] 2022-07-30 00:19:48.603 [main] Logging - Closing popup
[INFO ] 2022-07-30 00:19:48.604 [main] Logging - Clicking on Can't find the right stain
[INFO ] 2022-07-30 00:19:51.386 [main] Logging - Entering Grease in the stain search box
[INFO ] 2022-07-30 00:19:51.987 [main] Logging - Clicking on the article from the stain search results
[TRACE] 2022-07-30 00:19:53.695 [main] Logging - Content related to Grease stain found in the article page
[INFO ] 2022-07-30 00:20:05.767 [main] Logging - Closing popup
[INFO ] 2022-07-30 00:20:05.768 [main] Logging - Scrolling down to browse by need section
[INFO ] 2022-07-30 00:20:06.604 [main] Logging - Clicked on browse by need section
[INFO ] 2022-07-30 00:20:08.992 [main] Logging - Clicked on Freshness/Scent
[TRACE] 2022-07-30 00:20:09.733 [main] Logging - Febreze 4in1 is present in the results
[INFO ] 2022-07-30 00:20:20.210 [main] Logging - Closing popup
[INFO ] 2022-07-30 00:20:20.211 [main] Logging - Clicking on US-English on homepage to change language
[INFO ] 2022-07-30 00:20:20.532 [main] Logging - Clicking on Canada french from the available langs in the popup
[TRACE] 2022-07-30 00:20:24.899 [main] Logging - Success in changing to Canada French language
[INFO ] 2022-07-30 00:20:36.613 [main] Logging - Closing popup
[INFO ] 2022-07-30 00:20:36.614 [main] Logging - Clicking on ContactUs link on top of the page
[TRACE] 2022-07-30 00:20:39.585 [main] Logging - Contact Optons iframe window is present
[INFO ] 2022-07-30 00:20:51.767 [main] Logging - Closing popup
[INFO ] 2022-07-30 00:20:51.768 [main] Logging - Opening all the part company websites using control+click
[INFO ] 2022-07-30 00:20:58.580 [main] Logging - P&GGoodEveryday | Earn Rewards & Gift Cards - Printable Coupons - Do Good with Loyalty Programpage VERIFIED NOW CLOSING IT
[INFO ] 2022-07-30 00:21:03.709 [main] Logging - Dryer Sheets and Wrinkle Release Spraypage VERIFIED NOW CLOSING IT
[INFO ] 2022-07-30 00:21:13.306 [main] Logging - Fabric Softeners, Dryer Sheets, Scent Beads & Laundry Tips | Downypage VERIFIED NOW CLOSING IT
[INFO ] 2022-07-30 00:21:13.555 [main] Logging - Procter & Gamblepage VERIFIED NOW CLOSING IT
[INFO ] 2022-07-30 00:21:26.975 [main] Logging - Closing popup
[INFO ] 2022-07-30 00:21:26.975 [main] Logging - Clicking on Register Link on homepage
[INFO ] 2022-07-30 00:21:27.758 [main] Logging - Clicking on Signup on Registration Page
[INFO ] 2022-07-30 00:21:35.946 [main] Logging - Entered all the credentials from the excel file
[INFO ] 2022-07-30 00:21:35.947 [main] Logging - Clicked on Login button
[WARN ] 2022-07-30 00:21:41.840 [main] Logging - System marked us as spam probably
[INFO ] 2022-07-30 00:21:55.406 [main] Logging - Closing popup
[INFO ] 2022-07-30 00:21:55.407 [main] Logging - Clicking on Register Link on homepage
[INFO ] 2022-07-30 00:21:56.338 [main] Logging - Clicking on Signup on Registration Page
[INFO ] 2022-07-30 00:22:03.339 [main] Logging - Entered all the credentials from the excel file
[INFO ] 2022-07-30 00:22:04.463 [main] Logging - Clicked on created account
[WARN ] 2022-07-30 00:22:08.425 [main] Logging - User already registered
[INFO ] 2022-07-30 00:22:23.794 [main] Logging - Closing popup
[INFO ] 2022-07-30 00:22:23.796 [main] Logging - Entering text on the search box
[INFO ] 2022-07-30 00:22:24.041 [main] Logging - Clicking on the search icon
[TRACE] 2022-07-30 00:22:26.063 [main] Logging - pods contained in search results
[INFO ] 2022-07-30 00:22:38.585 [main] Logging - Closing popup
[INFO ] 2022-07-30 00:22:41.590 [main] Logging - Clicking on Live chat option on top of homepage
