[INFO ] 2022-07-29 20:57:45.740 [main] Logging - Closing popup
[INFO ] 2022-07-29 20:57:45.746 [main] Logging - Clicking on the sticker banner for saving calcualtor page
[INFO ] 2022-07-29 20:57:46.402 [main] Logging - Entered 10 in the number of washes
[TRACE] 2022-07-29 20:57:47.354 [main] Logging - Accurate cost calculation
[INFO ] 2022-07-29 20:57:58.572 [main] Logging - Closing popup
[INFO ] 2022-07-29 20:57:58.573 [main] Logging - Clicking on Can't find the right stain
[INFO ] 2022-07-29 20:57:59.816 [main] Logging - Entering Grease in the stain search box
[INFO ] 2022-07-29 20:58:01.663 [main] Logging - Clicking on the article from the stain search results
[TRACE] 2022-07-29 20:58:03.632 [main] Logging - Content related to Grease stain found in the article page
[INFO ] 2022-07-29 20:58:13.152 [main] Logging - Closing popup
[INFO ] 2022-07-29 20:58:13.153 [main] Logging - Scrolling down to browse by need section
[INFO ] 2022-07-29 20:58:14.226 [main] Logging - Clicked on browse by need section
[INFO ] 2022-07-29 20:58:17.064 [main] Logging - Clicked on Freshness/Scent
[TRACE] 2022-07-29 20:58:17.407 [main] Logging - Febreze 4in1 is present in the results
[INFO ] 2022-07-29 20:58:29.961 [main] Logging - Closing popup
[INFO ] 2022-07-29 20:58:29.962 [main] Logging - Clicking on US-English on homepage to change language
[INFO ] 2022-07-29 20:58:30.185 [main] Logging - Clicking on Canada french from the available langs in the popup
[TRACE] 2022-07-29 20:58:34.766 [main] Logging - Success in changing to Canada French language
[INFO ] 2022-07-29 20:58:47.451 [main] Logging - Closing popup
[INFO ] 2022-07-29 20:58:47.452 [main] Logging - Clicking on ContactUs link on top of the page
[TRACE] 2022-07-29 20:58:50.994 [main] Logging - Contact Optons iframe window is present
[INFO ] 2022-07-29 20:59:00.438 [main] Logging - Closing popup
[INFO ] 2022-07-29 20:59:00.439 [main] Logging - Opening all the part company websites using control+click
[INFO ] 2022-07-29 20:59:07.463 [main] Logging - P&GGoodEveryday | Earn Rewards & Gift Cards - Printable Coupons - Do Good with Loyalty Programpage VERIFIED NOW CLOSING IT
[INFO ] 2022-07-29 20:59:12.338 [main] Logging - Dryer Sheets and Wrinkle Release Spraypage VERIFIED NOW CLOSING IT
[INFO ] 2022-07-29 20:59:20.237 [main] Logging - Fabric Softeners, Dryer Sheets, Scent Beads & Laundry Tips | Downypage VERIFIED NOW CLOSING IT
[INFO ] 2022-07-29 20:59:20.409 [main] Logging - Procter & Gamblepage VERIFIED NOW CLOSING IT
[INFO ] 2022-07-29 20:59:31.884 [main] Logging - Closing popup
[INFO ] 2022-07-29 20:59:31.885 [main] Logging - Clicking on Register Link on homepage
[INFO ] 2022-07-29 20:59:32.455 [main] Logging - Clicking on Signup on Registration Page
[INFO ] 2022-07-29 20:59:43.131 [main] Logging - Entered all the credentials from the excel file
[INFO ] 2022-07-29 20:59:43.131 [main] Logging - Clicked on Login button
[FATAL] 2022-07-29 20:59:57.295 [main] Logging - Unable to verify login
[INFO ] 2022-07-29 21:00:07.718 [main] Logging - Closing popup
[INFO ] 2022-07-29 21:00:07.719 [main] Logging - Clicking on Register Link on homepage
[INFO ] 2022-07-29 21:00:09.342 [main] Logging - Clicking on Signup on Registration Page
[INFO ] 2022-07-29 21:00:18.480 [main] Logging - Entered all the credentials from the excel file
[INFO ] 2022-07-29 21:00:21.169 [main] Logging - Clicked on created account
[WARN ] 2022-07-29 21:00:29.917 [main] Logging - Skipped due to google captcha
[INFO ] 2022-07-29 21:00:40.132 [main] Logging - Closing popup
[INFO ] 2022-07-29 21:00:40.133 [main] Logging - Entering text on the search box
[INFO ] 2022-07-29 21:00:40.290 [main] Logging - Clicking on the search icon
[TRACE] 2022-07-29 21:00:41.810 [main] Logging - pods contained in search results
[INFO ] 2022-07-29 21:00:51.591 [main] Logging - Closing popup
[INFO ] 2022-07-29 21:00:54.598 [main] Logging - Clicking on Live chat option on top of homepage
[WARN ] 2022-07-29 21:00:55.285 [main] Logging - Chat is closed right now, come between 10am to 6pm
