[INFO ] 2022-07-29 16:05:39.498 [main] Logging - Closing popup
[INFO ] 2022-07-29 16:05:39.506 [main] Logging - Clicking on the sticker banner for saving calcualtor page
[INFO ] 2022-07-29 16:05:41.034 [main] Logging - Entered 10 in the number of washes
[TRACE] 2022-07-29 16:05:41.963 [main] Logging - Accurate cost calculation
[INFO ] 2022-07-29 16:05:54.236 [main] Logging - Closing popup
[INFO ] 2022-07-29 16:05:54.237 [main] Logging - Clicking on Can't find the right stain
[INFO ] 2022-07-29 16:05:54.680 [main] Logging - Entering Grease in the stain search box
[INFO ] 2022-07-29 16:05:55.572 [main] Logging - Clicking on the article from the stain search results
[TRACE] 2022-07-29 16:05:56.409 [main] Logging - Content related to Grease stain found in the article page
[INFO ] 2022-07-29 16:06:13.363 [main] Logging - Closing popup
[INFO ] 2022-07-29 16:06:13.363 [main] Logging - Scrolling down to browse by need section
[INFO ] 2022-07-29 16:06:13.542 [main] Logging - Clicking on browse by need section
[INFO ] 2022-07-29 16:06:15.702 [main] Logging - Clicking on Freshness/Scent
[INFO ] 2022-07-29 16:06:52.140 [main] Logging - Closing popup
[INFO ] 2022-07-29 16:06:52.141 [main] Logging - Clicking on US-English on homepage to change language
[INFO ] 2022-07-29 16:06:52.255 [main] Logging - Clicking on Canada french from the available langs in the popup
[TRACE] 2022-07-29 16:07:03.700 [main] Logging - Success in changing to Canada French language
[INFO ] 2022-07-29 16:07:24.572 [main] Logging - Closing popup
[INFO ] 2022-07-29 16:07:24.572 [main] Logging - Clicking on ContactUs link on top of the page
[TRACE] 2022-07-29 16:07:28.780 [main] Logging - Contact Optons iframe window is present
[INFO ] 2022-07-29 16:07:39.450 [main] Logging - Closing popup
[INFO ] 2022-07-29 16:07:39.450 [main] Logging - Opening all the part company websites using control+click
[INFO ] 2022-07-29 16:07:48.671 [main] Logging - No initial popup found, great
[INFO ] 2022-07-29 16:07:48.893 [main] Logging - P&GGoodEveryday | Earn Rewards & Gift Cards - Printable Coupons - Do Good with Loyalty Programpage verified now closing it
[INFO ] 2022-07-29 16:08:09.150 [main] Logging - Dryer Sheets and Wrinkle Release Spraypage verified now closing it
[INFO ] 2022-07-29 16:09:35.796 [main] Logging - Fabric Softeners, Dryer Sheets, Scent Beads & Laundry Tips | Downypage verified now closing it
[INFO ] 2022-07-29 16:09:36.120 [main] Logging - Procter & Gamblepage verified now closing it
[INFO ] 2022-07-29 16:09:49.579 [main] Logging - Closing popup
[INFO ] 2022-07-29 16:09:49.580 [main] Logging - Clicking on Register Link on homepage
[INFO ] 2022-07-29 16:09:49.961 [main] Logging - Clicking on Signup on Registration Page
[INFO ] 2022-07-29 16:09:58.979 [main] Logging - Entered all the credentials from the excel file
[INFO ] 2022-07-29 16:09:58.979 [main] Logging - Clicked on Login button
[WARN ] 2022-07-29 16:10:06.119 [main] Logging - Skipped due to google captcha
[INFO ] 2022-07-29 16:10:19.908 [main] Logging - Closing popup
[INFO ] 2022-07-29 16:10:19.909 [main] Logging - Clicking on Register Link on homepage
[INFO ] 2022-07-29 16:10:20.258 [main] Logging - Clicking on Signup on Registration Page
[INFO ] 2022-07-29 16:10:31.091 [main] Logging - Entered all the credentials from the excel file
[INFO ] 2022-07-29 16:10:31.703 [main] Logging - Clicked on created account
[WARN ] 2022-07-29 16:10:38.811 [main] Logging - Skipped due to google captcha
[INFO ] 2022-07-29 16:10:47.519 [main] Logging - Closing popup
[INFO ] 2022-07-29 16:10:47.519 [main] Logging - Entering text on the search box
[INFO ] 2022-07-29 16:10:47.640 [main] Logging - Clicking on the search icon
[TRACE] 2022-07-29 16:10:48.735 [main] Logging - pods contained in search results
[INFO ] 2022-07-29 16:10:59.654 [main] Logging - Closing popup
[INFO ] 2022-07-29 16:11:02.665 [main] Logging - Clicking on Live chat option on top of homepage
[WARN ] 2022-07-29 16:11:03.409 [main] Logging - Chat is closed right now, come between 10am to 6pm
