[INFO ] 2022-07-29 20:26:46.076 [main] Logging - Closing popup
[INFO ] 2022-07-29 20:26:46.080 [main] Logging - Clicking on the sticker banner for saving calcualtor page
[INFO ] 2022-07-29 20:26:46.909 [main] Logging - Entered 10 in the number of washes
[TRACE] 2022-07-29 20:26:47.842 [main] Logging - Accurate cost calculation
[INFO ] 2022-07-29 20:26:54.121 [main] Logging - Closing popup
[INFO ] 2022-07-29 20:26:54.121 [main] Logging - Clicking on Can't find the right stain
[INFO ] 2022-07-29 20:26:54.533 [main] Logging - Entering Grease in the stain search box
[INFO ] 2022-07-29 20:26:55.528 [main] Logging - Clicking on the article from the stain search results
[TRACE] 2022-07-29 20:26:56.206 [main] Logging - Content related to Grease stain found in the article page
[INFO ] 2022-07-29 20:27:02.987 [main] Logging - Closing popup
[INFO ] 2022-07-29 20:27:02.988 [main] Logging - Scrolling down to browse by need section
[INFO ] 2022-07-29 20:27:03.734 [main] Logging - Clicked on browse by need section
[INFO ] 2022-07-29 20:27:06.379 [main] Logging - Clicked on Freshness/Scent
[TRACE] 2022-07-29 20:27:06.589 [main] Logging - Febreze 4in1 is present in the results
[INFO ] 2022-07-29 20:27:13.623 [main] Logging - Closing popup
[INFO ] 2022-07-29 20:27:13.623 [main] Logging - Clicking on US-English on homepage to change language
[INFO ] 2022-07-29 20:27:13.725 [main] Logging - Clicking on Canada french from the available langs in the popup
[TRACE] 2022-07-29 20:27:15.947 [main] Logging - Success in changing to Canada French language
[INFO ] 2022-07-29 20:27:22.183 [main] Logging - Closing popup
[INFO ] 2022-07-29 20:27:22.183 [main] Logging - Clicking on ContactUs link on top of the page
[TRACE] 2022-07-29 20:27:24.365 [main] Logging - Contact Optons iframe window is present
[INFO ] 2022-07-29 20:27:30.641 [main] Logging - Closing popup
[INFO ] 2022-07-29 20:27:30.643 [main] Logging - Opening all the part company websites using control+click
[INFO ] 2022-07-29 20:27:33.666 [main] Logging - P&GGoodEveryday | Earn Rewards & Gift Cards - Printable Coupons - Do Good with Loyalty Programpage VERIFIED NOW CLOSING IT
[INFO ] 2022-07-29 20:27:36.202 [main] Logging - Dryer Sheets and Wrinkle Release Spraypage VERIFIED NOW CLOSING IT
[INFO ] 2022-07-29 20:27:52.942 [main] Logging - Fabric Softeners, Dryer Sheets, Scent Beads & Laundry Tips | Downypage VERIFIED NOW CLOSING IT
[INFO ] 2022-07-29 20:27:53.224 [main] Logging - Procter & Gamblepage VERIFIED NOW CLOSING IT
[INFO ] 2022-07-29 20:28:00.057 [main] Logging - Closing popup
[INFO ] 2022-07-29 20:28:00.058 [main] Logging - Clicking on Register Link on homepage
[INFO ] 2022-07-29 20:28:00.350 [main] Logging - Clicking on Signup on Registration Page
[INFO ] 2022-07-29 20:28:06.271 [main] Logging - Entered all the credentials from the excel file
[INFO ] 2022-07-29 20:28:06.271 [main] Logging - Clicked on Login button
[WARN ] 2022-07-29 20:28:13.348 [main] Logging - Skipped due to google captcha
[INFO ] 2022-07-29 20:28:19.732 [main] Logging - Closing popup
[INFO ] 2022-07-29 20:28:19.733 [main] Logging - Clicking on Register Link on homepage
[INFO ] 2022-07-29 20:28:20.019 [main] Logging - Clicking on Signup on Registration Page
[INFO ] 2022-07-29 20:28:25.305 [main] Logging - Entered all the credentials from the excel file
[INFO ] 2022-07-29 20:28:25.775 [main] Logging - Clicked on created account
[WARN ] 2022-07-29 20:28:32.862 [main] Logging - Skipped due to google captcha
[INFO ] 2022-07-29 20:28:40.051 [main] Logging - Closing popup
[INFO ] 2022-07-29 20:28:40.052 [main] Logging - Entering text on the search box
[INFO ] 2022-07-29 20:28:40.180 [main] Logging - Clicking on the search icon
[TRACE] 2022-07-29 20:28:41.616 [main] Logging - pods contained in search results
[INFO ] 2022-07-29 20:28:49.933 [main] Logging - Closing popup
[INFO ] 2022-07-29 20:28:52.945 [main] Logging - Clicking on Live chat option on top of homepage
[WARN ] 2022-07-29 20:28:53.871 [main] Logging - Chat is closed right now, come between 10am to 6pm
