[INFO ] 2022-07-30 00:09:15.368 [main] Logging - Closing popup
[INFO ] 2022-07-30 00:09:15.387 [main] Logging - Clicking on the sticker banner for saving calcualtor page
[INFO ] 2022-07-30 00:09:17.406 [main] Logging - Entered 10 in the number of washes
[TRACE] 2022-07-30 00:09:18.299 [main] Logging - Accurate cost calculation
[INFO ] 2022-07-30 00:09:30.909 [main] Logging - Closing popup
[INFO ] 2022-07-30 00:09:30.911 [main] Logging - Clicking on Can't find the right stain
[INFO ] 2022-07-30 00:09:31.726 [main] Logging - Entering Grease in the stain search box
[INFO ] 2022-07-30 00:09:33.343 [main] Logging - Clicking on the article from the stain search results
[TRACE] 2022-07-30 00:09:34.668 [main] Logging - Content related to Grease stain found in the article page
[INFO ] 2022-07-30 00:09:48.229 [main] Logging - Closing popup
[INFO ] 2022-07-30 00:09:48.230 [main] Logging - Scrolling down to browse by need section
[INFO ] 2022-07-30 00:09:49.040 [main] Logging - Clicked on browse by need section
[INFO ] 2022-07-30 00:09:51.816 [main] Logging - Clicked on Freshness/Scent
[TRACE] 2022-07-30 00:09:52.178 [main] Logging - Febreze 4in1 is present in the results
[INFO ] 2022-07-30 00:10:05.401 [main] Logging - Closing popup
[INFO ] 2022-07-30 00:10:05.402 [main] Logging - Clicking on US-English on homepage to change language
[INFO ] 2022-07-30 00:10:05.695 [main] Logging - Clicking on Canada french from the available langs in the popup
[TRACE] 2022-07-30 00:10:11.294 [main] Logging - Success in changing to Canada French language
[INFO ] 2022-07-30 00:10:21.839 [main] Logging - Closing popup
[INFO ] 2022-07-30 00:10:21.840 [main] Logging - Clicking on ContactUs link on top of the page
[TRACE] 2022-07-30 00:10:24.795 [main] Logging - Contact Optons iframe window is present
[INFO ] 2022-07-30 00:10:33.793 [main] Logging - Closing popup
[INFO ] 2022-07-30 00:10:33.794 [main] Logging - Opening all the part company websites using control+click
[INFO ] 2022-07-30 00:10:39.967 [main] Logging - P&GGoodEveryday | Earn Rewards & Gift Cards - Printable Coupons - Do Good with Loyalty Programpage VERIFIED NOW CLOSING IT
[INFO ] 2022-07-30 00:10:44.476 [main] Logging - Dryer Sheets and Wrinkle Release Spraypage VERIFIED NOW CLOSING IT
[INFO ] 2022-07-30 00:10:54.410 [main] Logging - Fabric Softeners, Dryer Sheets, Scent Beads & Laundry Tips | Downypage VERIFIED NOW CLOSING IT
[INFO ] 2022-07-30 00:10:54.535 [main] Logging - Procter & Gamblepage VERIFIED NOW CLOSING IT
[INFO ] 2022-07-30 00:11:04.286 [main] Logging - Closing popup
[INFO ] 2022-07-30 00:11:04.286 [main] Logging - Clicking on Register Link on homepage
[INFO ] 2022-07-30 00:11:05.027 [main] Logging - Clicking on Signup on Registration Page
[INFO ] 2022-07-30 00:11:15.147 [main] Logging - Entered all the credentials from the excel file
[INFO ] 2022-07-30 00:11:15.147 [main] Logging - Clicked on Login button
[WARN ] 2022-07-30 00:11:20.624 [main] Logging - System marked us as spam probably
[INFO ] 2022-07-30 00:11:35.493 [main] Logging - Closing popup
[INFO ] 2022-07-30 00:11:35.493 [main] Logging - Clicking on Register Link on homepage
[INFO ] 2022-07-30 00:11:36.393 [main] Logging - Clicking on Signup on Registration Page
[INFO ] 2022-07-30 00:11:42.720 [main] Logging - Entered all the credentials from the excel file
[INFO ] 2022-07-30 00:11:43.301 [main] Logging - Clicked on created account
[FATAL] 2022-07-30 00:12:02.736 [main] Logging - Could not verify signup
[INFO ] 2022-07-30 00:12:11.270 [main] Logging - Closing popup
[INFO ] 2022-07-30 00:12:11.271 [main] Logging - Entering text on the search box
[INFO ] 2022-07-30 00:12:12.039 [main] Logging - Clicking on the search icon
