[INFO ] 2022-07-29 16:20:03.835 [main] Logging - Closing popup
[INFO ] 2022-07-29 16:20:03.841 [main] Logging - Clicking on the sticker banner for saving calcualtor page
[INFO ] 2022-07-29 16:20:04.668 [main] Logging - Entered 10 in the number of washes
[TRACE] 2022-07-29 16:20:05.618 [main] Logging - Accurate cost calculation
[INFO ] 2022-07-29 16:20:17.263 [main] Logging - Closing popup
[INFO ] 2022-07-29 16:20:17.263 [main] Logging - Clicking on Can't find the right stain
[INFO ] 2022-07-29 16:20:17.669 [main] Logging - Entering Grease in the stain search box
[INFO ] 2022-07-29 16:20:18.887 [main] Logging - Clicking on the article from the stain search results
[TRACE] 2022-07-29 16:20:19.554 [main] Logging - Content related to Grease stain found in the article page
[INFO ] 2022-07-29 16:20:27.533 [main] Logging - Closing popup
[INFO ] 2022-07-29 16:20:27.534 [main] Logging - Scrolling down to browse by need section
[INFO ] 2022-07-29 16:20:28.269 [main] Logging - Clicked on browse by need section
[INFO ] 2022-07-29 16:20:30.935 [main] Logging - Clicked on Freshness/Scent
[TRACE] 2022-07-29 16:20:31.142 [main] Logging - Febreze 4in1 is present in the results
[INFO ] 2022-07-29 16:20:53.526 [main] Logging - Closing popup
[INFO ] 2022-07-29 16:20:53.527 [main] Logging - Clicking on US-English on homepage to change language
[INFO ] 2022-07-29 16:20:53.642 [main] Logging - Clicking on Canada french from the available langs in the popup
[TRACE] 2022-07-29 16:20:56.106 [main] Logging - Success in changing to Canada French language
[INFO ] 2022-07-29 16:21:03.749 [main] Logging - Closing popup
[INFO ] 2022-07-29 16:21:03.750 [main] Logging - Clicking on ContactUs link on top of the page
[TRACE] 2022-07-29 16:21:05.690 [main] Logging - Contact Optons iframe window is present
[INFO ] 2022-07-29 16:21:13.623 [main] Logging - Closing popup
[INFO ] 2022-07-29 16:21:13.624 [main] Logging - Opening all the part company websites using control+click
[INFO ] 2022-07-29 16:21:22.814 [main] Logging - No initial popup found, great
[INFO ] 2022-07-29 16:21:22.955 [main] Logging - P&GGoodEveryday | Earn Rewards & Gift Cards - Printable Coupons - Do Good with Loyalty Programpage verified now closing it
[INFO ] 2022-07-29 16:21:27.027 [main] Logging - Dryer Sheets and Wrinkle Release Spraypage verified now closing it
[INFO ] 2022-07-29 16:21:49.852 [main] Logging - Fabric Softeners, Dryer Sheets, Scent Beads & Laundry Tips | Downypage verified now closing it
[INFO ] 2022-07-29 16:21:50.142 [main] Logging - Procter & Gamblepage verified now closing it
[INFO ] 2022-07-29 16:22:01.479 [main] Logging - Closing popup
[INFO ] 2022-07-29 16:22:01.479 [main] Logging - Clicking on Register Link on homepage
[INFO ] 2022-07-29 16:22:01.773 [main] Logging - Clicking on Signup on Registration Page
[INFO ] 2022-07-29 16:22:09.328 [main] Logging - Entered all the credentials from the excel file
[INFO ] 2022-07-29 16:22:09.329 [main] Logging - Clicked on Login button
[WARN ] 2022-07-29 16:22:16.411 [main] Logging - Skipped due to google captcha
[INFO ] 2022-07-29 16:22:26.632 [main] Logging - Closing popup
[INFO ] 2022-07-29 16:22:26.632 [main] Logging - Clicking on Register Link on homepage
[INFO ] 2022-07-29 16:22:26.941 [main] Logging - Clicking on Signup on Registration Page
[INFO ] 2022-07-29 16:22:34.088 [main] Logging - Entered all the credentials from the excel file
[INFO ] 2022-07-29 16:22:34.577 [main] Logging - Clicked on created account
[WARN ] 2022-07-29 16:22:41.632 [main] Logging - Skipped due to google captcha
[INFO ] 2022-07-29 16:22:50.389 [main] Logging - Closing popup
[INFO ] 2022-07-29 16:22:50.389 [main] Logging - Entering text on the search box
[INFO ] 2022-07-29 16:22:50.527 [main] Logging - Clicking on the search icon
[TRACE] 2022-07-29 16:22:53.541 [main] Logging - pods contained in search results
[INFO ] 2022-07-29 16:23:07.304 [main] Logging - Closing popup
[INFO ] 2022-07-29 16:23:10.307 [main] Logging - Clicking on Live chat option on top of homepage
[WARN ] 2022-07-29 16:23:11.388 [main] Logging - Chat is closed right now, come between 10am to 6pm
