[INFO ] 2022-07-29 23:46:20.910 [main] Logging - Closing popup
[INFO ] 2022-07-29 23:46:20.930 [main] Logging - Clicking on the sticker banner for saving calcualtor page
[INFO ] 2022-07-29 23:46:24.683 [main] Logging - Entered 10 in the number of washes
[TRACE] 2022-07-29 23:46:25.513 [main] Logging - Accurate cost calculation
[INFO ] 2022-07-29 23:46:38.044 [main] Logging - Closing popup
[INFO ] 2022-07-29 23:46:38.045 [main] Logging - Clicking on Can't find the right stain
[INFO ] 2022-07-29 23:46:40.947 [main] Logging - Entering Grease in the stain search box
[INFO ] 2022-07-29 23:46:41.421 [main] Logging - Clicking on the article from the stain search results
[TRACE] 2022-07-29 23:46:43.649 [main] Logging - Content related to Grease stain found in the article page
[INFO ] 2022-07-29 23:46:54.000 [main] Logging - Closing popup
[INFO ] 2022-07-29 23:46:54.003 [main] Logging - Scrolling down to browse by need section
[INFO ] 2022-07-29 23:46:54.976 [main] Logging - Clicked on browse by need section
[INFO ] 2022-07-29 23:46:57.450 [main] Logging - Clicked on Freshness/Scent
[TRACE] 2022-07-29 23:46:58.412 [main] Logging - Febreze 4in1 is present in the results
[INFO ] 2022-07-29 23:47:11.688 [main] Logging - Closing popup
[INFO ] 2022-07-29 23:47:11.689 [main] Logging - Clicking on US-English on homepage to change language
[INFO ] 2022-07-29 23:47:12.130 [main] Logging - Clicking on Canada french from the available langs in the popup
[TRACE] 2022-07-29 23:47:17.828 [main] Logging - Success in changing to Canada French language
[INFO ] 2022-07-29 23:47:30.589 [main] Logging - Closing popup
[INFO ] 2022-07-29 23:47:30.590 [main] Logging - Clicking on ContactUs link on top of the page
[TRACE] 2022-07-29 23:47:35.387 [main] Logging - Contact Optons iframe window is present
[INFO ] 2022-07-29 23:47:52.056 [main] Logging - Closing popup
[INFO ] 2022-07-29 23:47:52.059 [main] Logging - Opening all the part company websites using control+click
[INFO ] 2022-07-29 23:48:01.935 [main] Logging - P&GGoodEveryday | Earn Rewards & Gift Cards - Printable Coupons - Do Good with Loyalty Programpage VERIFIED NOW CLOSING IT
[INFO ] 2022-07-29 23:48:08.299 [main] Logging - Dryer Sheets and Wrinkle Release Spraypage VERIFIED NOW CLOSING IT
[INFO ] 2022-07-29 23:48:15.754 [main] Logging - Fabric Softeners, Dryer Sheets, Scent Beads & Laundry Tips | Downypage VERIFIED NOW CLOSING IT
[INFO ] 2022-07-29 23:48:16.092 [main] Logging - Procter & Gamblepage VERIFIED NOW CLOSING IT
[INFO ] 2022-07-29 23:48:26.847 [main] Logging - Closing popup
[INFO ] 2022-07-29 23:48:26.847 [main] Logging - Clicking on Register Link on homepage
[INFO ] 2022-07-29 23:48:28.082 [main] Logging - Clicking on Signup on Registration Page
[INFO ] 2022-07-29 23:48:38.994 [main] Logging - Entered all the credentials from the excel file
[INFO ] 2022-07-29 23:48:38.995 [main] Logging - Clicked on Login button
[WARN ] 2022-07-29 23:48:41.951 [main] Logging - System marked us as spam probably
[INFO ] 2022-07-29 23:48:52.812 [main] Logging - Closing popup
[INFO ] 2022-07-29 23:48:52.814 [main] Logging - Clicking on Register Link on homepage
[INFO ] 2022-07-29 23:48:53.919 [main] Logging - Clicking on Signup on Registration Page
[INFO ] 2022-07-29 23:49:00.040 [main] Logging - Entered all the credentials from the excel file
[INFO ] 2022-07-29 23:49:01.118 [main] Logging - Clicked on created account
[INFO ] 2022-07-29 23:49:23.584 [main] Logging - Closing popup
[INFO ] 2022-07-29 23:49:23.585 [main] Logging - Entering text on the search box
[INFO ] 2022-07-29 23:49:23.938 [main] Logging - Clicking on the search icon
[TRACE] 2022-07-29 23:49:27.514 [main] Logging - pods contained in search results
[INFO ] 2022-07-29 23:49:36.986 [main] Logging - Closing popup
[INFO ] 2022-07-29 23:49:39.991 [main] Logging - Clicking on Live chat option on top of homepage
[INFO ] 2022-07-29 23:49:43.176 [main] Logging - Successfully clicked on Start Chat
[INFO ] 2022-07-29 23:49:43.278 [main] Logging - Clicking on agreeing and continue
[INFO ] 2022-07-29 23:49:51.582 [main] Logging - Entering first name
[INFO ] 2022-07-29 23:49:51.636 [main] Logging - Entering last name
[INFO ] 2022-07-29 23:49:51.696 [main] Logging - Entering email address
[INFO ] 2022-07-29 23:49:51.767 [main] Logging - Clicking on Chat Button
[INFO ] 2022-07-29 23:50:16.018 [main] Logging - Entering initial chat message
[INFO ] 2022-07-29 23:50:17.031 [main] Logging - Sending the message typed in the chat box
